2025-01-12T17:13:24.206+0100 INFO               [main]                         be.pxl.services.CommentServiceApplication - Starting CommentServiceApplication using Java 21.0.2 with PID 2300 (C:\PXL\Derde Jaar\Java Fullstack\project-RhaniPietersPXL\backend-java\PXLNews\comment-service\target\classes started by Rhani in C:\PXL\Derde Jaar\Java Fullstack\project-RhaniPietersPXL\backend-java\PXLNews)
2025-01-12T17:13:24.217+0100 DEBUG              [main]                         be.pxl.services.CommentServiceApplication - Running with Spring Boot v3.3.3, Spring v6.1.12
2025-01-12T17:13:24.218+0100 INFO               [main]                         be.pxl.services.CommentServiceApplication - No active profile set, falling back to 1 default profile: "default"
2025-01-12T17:13:33.061+0100 INFO               [main]                         be.pxl.services.NotificationServiceApplication - Starting NotificationServiceApplication using Java 21.0.2 with PID 24352 (C:\PXL\Derde Jaar\Java Fullstack\project-RhaniPietersPXL\backend-java\PXLNews\notification-service\target\classes started by Rhani in C:\PXL\Derde Jaar\Java Fullstack\project-RhaniPietersPXL\backend-java\PXLNews)
2025-01-12T17:13:33.063+0100 DEBUG              [main]                         be.pxl.services.NotificationServiceApplication - Running with Spring Boot v3.3.3, Spring v6.1.12
2025-01-12T17:13:33.064+0100 INFO               [main]                         be.pxl.services.NotificationServiceApplication - No active profile set, falling back to 1 default profile: "default"
2025-01-12T17:13:35.392+0100 INFO               [main]                         be.pxl.services.CommentServiceApplication - Started CommentServiceApplication in 13.562 seconds (process running for 14.423)
2025-01-12T17:13:36.766+0100 INFO               [main]                         be.pxl.services.PostServiceApplication - Starting PostServiceApplication using Java 21.0.2 with PID 21080 (C:\PXL\Derde Jaar\Java Fullstack\project-RhaniPietersPXL\backend-java\PXLNews\post-service\target\classes started by Rhani in C:\PXL\Derde Jaar\Java Fullstack\project-RhaniPietersPXL\backend-java\PXLNews)
2025-01-12T17:13:36.768+0100 DEBUG              [main]                         be.pxl.services.PostServiceApplication - Running with Spring Boot v3.3.3, Spring v6.1.12
2025-01-12T17:13:36.769+0100 INFO               [main]                         be.pxl.services.PostServiceApplication - No active profile set, falling back to 1 default profile: "default"
2025-01-12T17:13:42.598+0100 INFO               [main]                         be.pxl.services.ReviewServiceApplication - Starting ReviewServiceApplication using Java 21.0.2 with PID 11208 (C:\PXL\Derde Jaar\Java Fullstack\project-RhaniPietersPXL\backend-java\PXLNews\review-service\target\classes started by Rhani in C:\PXL\Derde Jaar\Java Fullstack\project-RhaniPietersPXL\backend-java\PXLNews)
2025-01-12T17:13:42.599+0100 DEBUG              [main]                         be.pxl.services.ReviewServiceApplication - Running with Spring Boot v3.3.3, Spring v6.1.12
2025-01-12T17:13:42.602+0100 INFO               [main]                         be.pxl.services.ReviewServiceApplication - No active profile set, falling back to 1 default profile: "default"
2025-01-12T17:13:55.928+0100 INFO               [main]                         be.pxl.services.PostServiceApplication - Started PostServiceApplication in 21.817 seconds (process running for 22.754)
2025-01-12T17:13:56.789+0100 INFO               [main]                         be.pxl.services.NotificationServiceApplication - Started NotificationServiceApplication in 26.18 seconds (process running for 27.164)
2025-01-12T17:14:04.568+0100 INFO               [main]                         be.pxl.services.ReviewServiceApplication - Started ReviewServiceApplication in 25.364 seconds (process running for 26.288)
2025-01-12T17:14:37.919+0100 INFO               [http-nio-8081-exec-1]         be.pxl.services.controller.PostController - Fetching all posts
2025-01-12T17:14:38.373+0100 INFO               [http-nio-8083-exec-1]         be.pxl.services.controller.CommentController - Fetching comment count for post with id: 2
2025-01-12T17:14:38.530+0100 INFO               [http-nio-8083-exec-2]         be.pxl.services.controller.CommentController - Fetching comment count for post with id: 3
2025-01-12T17:14:45.216+0100 INFO               [http-nio-8083-exec-5]         be.pxl.services.controller.CommentController - Fetching all comments
2025-01-12T17:14:45.216+0100 INFO               [http-nio-8083-exec-5]         be.pxl.services.services.CommentService - Fetching all comments
2025-01-12T17:14:47.255+0100 INFO               [http-nio-8081-exec-6]         be.pxl.services.controller.PostController - Fetching all posts
2025-01-12T17:14:47.265+0100 INFO               [http-nio-8083-exec-3]         be.pxl.services.controller.CommentController - Fetching comment count for post with id: 2
2025-01-12T17:14:47.274+0100 INFO               [http-nio-8083-exec-4]         be.pxl.services.controller.CommentController - Fetching comment count for post with id: 3
2025-01-12T17:14:51.664+0100 INFO               [http-nio-8081-exec-3]         be.pxl.services.controller.PostController - Fetching all posts
2025-01-12T17:14:51.671+0100 INFO               [http-nio-8083-exec-7]         be.pxl.services.controller.CommentController - Fetching comment count for post with id: 2
2025-01-12T17:14:51.678+0100 INFO               [http-nio-8083-exec-6]         be.pxl.services.controller.CommentController - Fetching comment count for post with id: 3
2025-01-12T17:14:56.278+0100 INFO               [http-nio-8081-exec-4]         be.pxl.services.controller.PostController - Fetching all posts
2025-01-12T17:14:56.287+0100 INFO               [http-nio-8083-exec-9]         be.pxl.services.controller.CommentController - Fetching comment count for post with id: 2
2025-01-12T17:14:56.296+0100 INFO               [http-nio-8083-exec-8]         be.pxl.services.controller.CommentController - Fetching comment count for post with id: 3
2025-01-12T17:14:57.890+0100 INFO               [http-nio-8081-exec-5]         be.pxl.services.controller.PostController - Fetching all posts
2025-01-12T17:14:57.898+0100 INFO               [http-nio-8083-exec-10]        be.pxl.services.controller.CommentController - Fetching comment count for post with id: 2
2025-01-12T17:14:57.905+0100 INFO               [http-nio-8083-exec-1]         be.pxl.services.controller.CommentController - Fetching comment count for post with id: 3
2025-01-12T17:14:58.343+0100 INFO               [http-nio-8081-exec-2]         be.pxl.services.controller.PostController - Fetching all posts
2025-01-12T17:14:58.350+0100 INFO               [http-nio-8083-exec-2]         be.pxl.services.controller.CommentController - Fetching comment count for post with id: 2
2025-01-12T17:14:58.356+0100 INFO               [http-nio-8083-exec-5]         be.pxl.services.controller.CommentController - Fetching comment count for post with id: 3
2025-01-12T17:14:58.722+0100 INFO               [http-nio-8081-exec-7]         be.pxl.services.controller.PostController - Fetching all posts
2025-01-12T17:14:58.728+0100 INFO               [http-nio-8083-exec-3]         be.pxl.services.controller.CommentController - Fetching comment count for post with id: 2
2025-01-12T17:14:58.735+0100 INFO               [http-nio-8083-exec-4]         be.pxl.services.controller.CommentController - Fetching comment count for post with id: 3
2025-01-12T17:15:00.935+0100 INFO               [http-nio-8081-exec-8]         be.pxl.services.controller.PostController - Fetching all posts
2025-01-12T17:15:00.943+0100 INFO               [http-nio-8083-exec-7]         be.pxl.services.controller.CommentController - Fetching comment count for post with id: 2
2025-01-12T17:15:00.950+0100 INFO               [http-nio-8083-exec-6]         be.pxl.services.controller.CommentController - Fetching comment count for post with id: 3
2025-01-12T17:15:04.161+0100 INFO               [http-nio-8081-exec-9]         be.pxl.services.controller.PostController - Fetching all posts
2025-01-12T17:15:04.168+0100 INFO               [http-nio-8083-exec-9]         be.pxl.services.controller.CommentController - Fetching comment count for post with id: 2
2025-01-12T17:15:04.175+0100 INFO               [http-nio-8083-exec-8]         be.pxl.services.controller.CommentController - Fetching comment count for post with id: 3
2025-01-12T17:15:05.490+0100 INFO               [http-nio-8081-exec-10]        be.pxl.services.controller.PostController - Fetching all posts
2025-01-12T17:15:05.497+0100 INFO               [http-nio-8083-exec-10]        be.pxl.services.controller.CommentController - Fetching comment count for post with id: 2
2025-01-12T17:15:05.503+0100 INFO               [http-nio-8083-exec-1]         be.pxl.services.controller.CommentController - Fetching comment count for post with id: 3
2025-01-12T17:15:10.944+0100 INFO               [http-nio-8081-exec-1]         be.pxl.services.controller.PostController - Fetching all posts
2025-01-12T17:15:10.953+0100 INFO               [http-nio-8083-exec-2]         be.pxl.services.controller.CommentController - Fetching comment count for post with id: 2
2025-01-12T17:15:10.963+0100 INFO               [http-nio-8083-exec-5]         be.pxl.services.controller.CommentController - Fetching comment count for post with id: 3
2025-01-12T17:15:22.566+0100 INFO               [http-nio-8082-exec-1]         be.pxl.services.services.ReviewService - Fetching posts to review not from author rhani
2025-01-12T17:15:22.726+0100 INFO               [http-nio-8082-exec-1]         be.pxl.services.services.ReviewService - Found 0 posts to review
2025-01-12T17:15:23.602+0100 INFO               [http-nio-8081-exec-6]         be.pxl.services.controller.PostController - Fetching drafts by author rhani
2025-01-12T17:15:23.603+0100 INFO               [http-nio-8081-exec-6]         be.pxl.services.services.PostService - Fetching drafts by author rhani
2025-01-12T17:15:39.681+0100 INFO               [http-nio-8082-exec-2]         be.pxl.services.services.ReviewService - Fetching posts to review not from author rhani
2025-01-12T17:15:39.688+0100 INFO               [http-nio-8082-exec-2]         be.pxl.services.services.ReviewService - Found 0 posts to review
2025-01-12T17:15:40.676+0100 INFO               [http-nio-8081-exec-3]         be.pxl.services.controller.PostController - Fetching drafts by author rhani
2025-01-12T17:15:40.676+0100 INFO               [http-nio-8081-exec-3]         be.pxl.services.services.PostService - Fetching drafts by author rhani
2025-01-12T17:15:53.840+0100 INFO               [http-nio-8081-exec-4]         be.pxl.services.controller.PostController - Fetching drafts by author rhani
2025-01-12T17:15:53.841+0100 INFO               [http-nio-8081-exec-4]         be.pxl.services.services.PostService - Fetching drafts by author rhani
2025-01-12T17:16:12.953+0100 INFO               [http-nio-8081-exec-5]         be.pxl.services.controller.PostController - Fetching drafts by author rhani
2025-01-12T17:16:12.953+0100 INFO               [http-nio-8081-exec-5]         be.pxl.services.services.PostService - Fetching drafts by author rhani
2025-01-12T17:16:13.970+0100 INFO               [http-nio-8081-exec-2]         be.pxl.services.controller.PostController - Fetching all posts
2025-01-12T17:16:13.981+0100 INFO               [http-nio-8083-exec-7]         be.pxl.services.controller.CommentController - Fetching comment count for post with id: 2
2025-01-12T17:16:13.990+0100 INFO               [http-nio-8083-exec-6]         be.pxl.services.controller.CommentController - Fetching comment count for post with id: 3
2025-01-12T17:18:04.055+0100 INFO               [http-nio-8081-exec-6]         be.pxl.services.controller.PostController - Fetching all posts
2025-01-12T17:18:04.069+0100 INFO               [http-nio-8083-exec-8]         be.pxl.services.controller.CommentController - Fetching comment count for post with id: 2
2025-01-12T17:18:04.079+0100 INFO               [http-nio-8083-exec-10]        be.pxl.services.controller.CommentController - Fetching comment count for post with id: 3
2025-01-12T17:18:05.758+0100 INFO               [http-nio-8081-exec-3]         be.pxl.services.controller.PostController - Fetching drafts by author tom
2025-01-12T17:18:05.758+0100 INFO               [http-nio-8081-exec-3]         be.pxl.services.services.PostService - Fetching drafts by author tom
2025-01-12T17:18:29.654+0100 INFO               [http-nio-8081-exec-4]         be.pxl.services.controller.PostController - Fetching all posts
2025-01-12T17:18:29.665+0100 INFO               [http-nio-8083-exec-1]         be.pxl.services.controller.CommentController - Fetching comment count for post with id: 2
2025-01-12T17:18:29.676+0100 INFO               [http-nio-8083-exec-2]         be.pxl.services.controller.CommentController - Fetching comment count for post with id: 3
2025-01-12T17:18:44.573+0100 INFO               [http-nio-8081-exec-5]         be.pxl.services.controller.PostController - Adding new post: examen test
2025-01-12T17:18:44.574+0100 INFO               [http-nio-8081-exec-5]         be.pxl.services.services.PostService - Adding new post: examen test
2025-01-12T17:18:44.656+0100 INFO               [http-nio-8081-exec-5]         be.pxl.services.services.PostService - Post saved successfully.
2025-01-12T17:18:44.697+0100 INFO               [http-nio-8081-exec-2]         be.pxl.services.controller.PostController - Fetching drafts by author dries
2025-01-12T17:18:44.697+0100 INFO               [http-nio-8081-exec-2]         be.pxl.services.services.PostService - Fetching drafts by author dries
2025-01-12T17:18:57.757+0100 INFO               [http-nio-8081-exec-7]         be.pxl.services.controller.PostController - Editing post: examen test edit
2025-01-12T17:18:57.795+0100 INFO               [http-nio-8081-exec-7]         be.pxl.services.services.PostService - Post edited successfully.
2025-01-12T17:18:57.808+0100 INFO               [http-nio-8081-exec-8]         be.pxl.services.controller.PostController - Ask approval for post with id 9
2025-01-12T17:18:57.808+0100 INFO               [http-nio-8081-exec-8]         be.pxl.services.services.PostService - Sending template for approval 9 ...
2025-01-12T17:18:57.868+0100 INFO               [org.springframework.amqp.rabbit.RabbitListenerEndpointContainer#0-1] be.pxl.services.services.ReviewService - Adding post with id 9 for approval
2025-01-12T17:19:02.237+0100 INFO               [http-nio-8081-exec-9]         be.pxl.services.controller.PostController - Fetching all posts
2025-01-12T17:19:02.245+0100 INFO               [http-nio-8083-exec-5]         be.pxl.services.controller.CommentController - Fetching comment count for post with id: 2
2025-01-12T17:19:02.254+0100 INFO               [http-nio-8083-exec-3]         be.pxl.services.controller.CommentController - Fetching comment count for post with id: 3
2025-01-12T17:19:03.401+0100 INFO               [http-nio-8082-exec-4]         be.pxl.services.services.ReviewService - Fetching posts to review not from author rhani
2025-01-12T17:19:03.418+0100 INFO               [http-nio-8082-exec-4]         be.pxl.services.services.ReviewService - Found 1 posts to review
2025-01-12T17:19:03.419+0100 INFO               [http-nio-8082-exec-4]         be.pxl.services.services.ReviewService - Post with id 9 is pending approval
2025-01-12T17:19:03.520+0100 INFO               [http-nio-8081-exec-10]        be.pxl.services.controller.PostController - Fetching posts by id 9
2025-01-12T17:19:03.520+0100 INFO               [http-nio-8081-exec-10]        be.pxl.services.services.PostService - Fetching post with id 9
2025-01-12T17:19:11.953+0100 INFO               [http-nio-8082-exec-6]         be.pxl.services.services.ReviewService - Rejecting post
2025-01-12T17:19:11.962+0100 INFO               [http-nio-8082-exec-6]         be.pxl.services.services.ReviewService - setting id to 9 and state to REJECTED, rejected message to remove edit
2025-01-12T17:19:11.996+0100 INFO               [org.springframework.amqp.rabbit.RabbitListenerEndpointContainer#0-1] be.pxl.services.services.PostService - Changing state of post with id 9 after review to 
2025-01-12T17:19:12.009+0100 INFO               [org.springframework.amqp.rabbit.RabbitListenerEndpointContainer#0-1] be.pxl.services.services.NotificationService - sending email...
2025-01-12T17:19:12.017+0100 INFO               [http-nio-8082-exec-6]         be.pxl.services.services.ReviewService - Review with postId 9 has been rejected and removed from the database
2025-01-12T17:19:12.068+0100 INFO               [http-nio-8082-exec-5]         be.pxl.services.services.ReviewService - Fetching posts to review not from author rhani
2025-01-12T17:19:12.074+0100 INFO               [http-nio-8082-exec-5]         be.pxl.services.services.ReviewService - Found 0 posts to review
2025-01-12T17:19:21.099+0100 INFO               [http-nio-8081-exec-1]         be.pxl.services.controller.PostController - Fetching all posts
2025-01-12T17:19:21.112+0100 INFO               [http-nio-8083-exec-4]         be.pxl.services.controller.CommentController - Fetching comment count for post with id: 2
2025-01-12T17:19:21.124+0100 INFO               [http-nio-8083-exec-7]         be.pxl.services.controller.CommentController - Fetching comment count for post with id: 3
2025-01-12T17:19:22.358+0100 INFO               [http-nio-8081-exec-6]         be.pxl.services.controller.PostController - Fetching drafts by author dries
2025-01-12T17:19:22.358+0100 INFO               [http-nio-8081-exec-6]         be.pxl.services.services.PostService - Fetching drafts by author dries
2025-01-12T17:19:34.181+0100 INFO               [http-nio-8081-exec-3]         be.pxl.services.controller.PostController - Editing post: examen test
2025-01-12T17:19:34.199+0100 INFO               [http-nio-8081-exec-3]         be.pxl.services.services.PostService - Post edited successfully.
2025-01-12T17:19:34.213+0100 INFO               [http-nio-8081-exec-4]         be.pxl.services.controller.PostController - Ask approval for post with id 9
2025-01-12T17:19:34.214+0100 INFO               [http-nio-8081-exec-4]         be.pxl.services.services.PostService - Sending template for approval 9 ...
2025-01-12T17:19:34.238+0100 INFO               [org.springframework.amqp.rabbit.RabbitListenerEndpointContainer#0-1] be.pxl.services.services.ReviewService - Adding post with id 9 for approval
2025-01-12T17:19:49.476+0100 INFO               [http-nio-8081-exec-5]         be.pxl.services.controller.PostController - Fetching all posts
2025-01-12T17:19:49.487+0100 INFO               [http-nio-8083-exec-6]         be.pxl.services.controller.CommentController - Fetching comment count for post with id: 2
2025-01-12T17:19:49.498+0100 INFO               [http-nio-8083-exec-9]         be.pxl.services.controller.CommentController - Fetching comment count for post with id: 3
2025-01-12T17:19:51.193+0100 INFO               [http-nio-8082-exec-8]         be.pxl.services.services.ReviewService - Fetching posts to review not from author rhani
2025-01-12T17:19:51.203+0100 INFO               [http-nio-8082-exec-8]         be.pxl.services.services.ReviewService - Found 1 posts to review
2025-01-12T17:19:51.203+0100 INFO               [http-nio-8082-exec-8]         be.pxl.services.services.ReviewService - Post with id 9 is pending approval
2025-01-12T17:19:51.206+0100 INFO               [http-nio-8081-exec-2]         be.pxl.services.controller.PostController - Fetching posts by id 9
2025-01-12T17:19:51.206+0100 INFO               [http-nio-8081-exec-2]         be.pxl.services.services.PostService - Fetching post with id 9
2025-01-12T17:19:54.405+0100 INFO               [http-nio-8082-exec-7]         be.pxl.services.services.ReviewService - Approving post
2025-01-12T17:19:54.412+0100 INFO               [http-nio-8082-exec-7]         be.pxl.services.services.ReviewService - sending email to author
2025-01-12T17:19:54.415+0100 INFO               [org.springframework.amqp.rabbit.RabbitListenerEndpointContainer#0-1] be.pxl.services.services.NotificationService - sending email...
2025-01-12T17:19:54.416+0100 INFO               [org.springframework.amqp.rabbit.RabbitListenerEndpointContainer#1-1] be.pxl.services.services.PostService - Changing state of post with id 9 after review to 
2025-01-12T17:19:54.424+0100 INFO               [http-nio-8082-exec-7]         be.pxl.services.services.ReviewService - Review with postId 9 has been approved and removed from the database
2025-01-12T17:19:54.456+0100 INFO               [http-nio-8082-exec-9]         be.pxl.services.services.ReviewService - Fetching posts to review not from author rhani
2025-01-12T17:19:54.461+0100 INFO               [http-nio-8082-exec-9]         be.pxl.services.services.ReviewService - Found 0 posts to review
2025-01-12T17:19:54.470+0100 INFO               [org.springframework.amqp.rabbit.RabbitListenerEndpointContainer#0-1] be.pxl.services.services.PostService - Changing state of post with id 9 after review to 
2025-01-12T17:20:02.199+0100 INFO               [http-nio-8081-exec-7]         be.pxl.services.controller.PostController - Fetching all posts
2025-01-12T17:20:02.211+0100 INFO               [http-nio-8083-exec-8]         be.pxl.services.controller.CommentController - Fetching comment count for post with id: 2
2025-01-12T17:20:02.219+0100 INFO               [http-nio-8083-exec-10]        be.pxl.services.controller.CommentController - Fetching comment count for post with id: 3
2025-01-12T17:20:03.138+0100 INFO               [http-nio-8082-exec-10]        be.pxl.services.services.ReviewService - Fetching posts to review not from author dries
2025-01-12T17:20:03.147+0100 INFO               [http-nio-8082-exec-10]        be.pxl.services.services.ReviewService - Found 0 posts to review
2025-01-12T17:20:03.672+0100 INFO               [http-nio-8081-exec-8]         be.pxl.services.controller.PostController - Fetching drafts by author dries
2025-01-12T17:20:03.673+0100 INFO               [http-nio-8081-exec-8]         be.pxl.services.services.PostService - Fetching drafts by author dries
2025-01-12T17:20:09.868+0100 INFO               [http-nio-8081-exec-9]         be.pxl.services.controller.PostController - Publishing post with id 9
2025-01-12T17:20:09.919+0100 INFO               [http-nio-8081-exec-10]        be.pxl.services.controller.PostController - Fetching all posts
2025-01-12T17:20:09.927+0100 INFO               [http-nio-8083-exec-1]         be.pxl.services.controller.CommentController - Fetching comment count for post with id: 2
2025-01-12T17:20:09.939+0100 INFO               [http-nio-8083-exec-2]         be.pxl.services.controller.CommentController - Fetching comment count for post with id: 3
2025-01-12T17:20:09.946+0100 INFO               [http-nio-8083-exec-5]         be.pxl.services.controller.CommentController - Fetching comment count for post with id: 9
2025-01-12T17:20:24.709+0100 INFO               [http-nio-8081-exec-1]         be.pxl.services.controller.PostController - Fetching all posts
2025-01-12T17:20:24.720+0100 INFO               [http-nio-8083-exec-3]         be.pxl.services.controller.CommentController - Fetching comment count for post with id: 2
2025-01-12T17:20:24.732+0100 INFO               [http-nio-8083-exec-4]         be.pxl.services.controller.CommentController - Fetching comment count for post with id: 3
2025-01-12T17:20:24.738+0100 INFO               [http-nio-8083-exec-7]         be.pxl.services.controller.CommentController - Fetching comment count for post with id: 9
2025-01-12T17:20:33.120+0100 INFO               [http-nio-8081-exec-6]         be.pxl.services.controller.PostController - Fetching all posts
2025-01-12T17:20:33.126+0100 INFO               [http-nio-8083-exec-6]         be.pxl.services.controller.CommentController - Fetching comment count for post with id: 2
2025-01-12T17:20:33.133+0100 INFO               [http-nio-8083-exec-9]         be.pxl.services.controller.CommentController - Fetching comment count for post with id: 3
2025-01-12T17:20:33.136+0100 INFO               [http-nio-8083-exec-8]         be.pxl.services.controller.CommentController - Fetching comment count for post with id: 9
2025-01-12T17:20:36.803+0100 INFO               [http-nio-8081-exec-3]         be.pxl.services.controller.PostController - Fetching all posts
2025-01-12T17:20:36.810+0100 INFO               [http-nio-8083-exec-10]        be.pxl.services.controller.CommentController - Fetching comment count for post with id: 2
2025-01-12T17:20:36.815+0100 INFO               [http-nio-8083-exec-1]         be.pxl.services.controller.CommentController - Fetching comment count for post with id: 3
2025-01-12T17:20:36.820+0100 INFO               [http-nio-8083-exec-2]         be.pxl.services.controller.CommentController - Fetching comment count for post with id: 9
2025-01-12T17:20:40.290+0100 INFO               [http-nio-8081-exec-4]         be.pxl.services.controller.PostController - Fetching all posts
2025-01-12T17:20:40.298+0100 INFO               [http-nio-8083-exec-5]         be.pxl.services.controller.CommentController - Fetching comment count for post with id: 2
2025-01-12T17:20:40.303+0100 INFO               [http-nio-8083-exec-3]         be.pxl.services.controller.CommentController - Fetching comment count for post with id: 3
2025-01-12T17:20:40.308+0100 INFO               [http-nio-8083-exec-4]         be.pxl.services.controller.CommentController - Fetching comment count for post with id: 9
2025-01-12T17:20:43.464+0100 INFO               [http-nio-8081-exec-5]         be.pxl.services.controller.PostController - Fetching all posts
2025-01-12T17:20:43.469+0100 INFO               [http-nio-8083-exec-7]         be.pxl.services.controller.CommentController - Fetching comment count for post with id: 2
2025-01-12T17:20:43.476+0100 INFO               [http-nio-8083-exec-6]         be.pxl.services.controller.CommentController - Fetching comment count for post with id: 3
2025-01-12T17:20:43.480+0100 INFO               [http-nio-8083-exec-9]         be.pxl.services.controller.CommentController - Fetching comment count for post with id: 9
2025-01-12T17:20:45.769+0100 INFO               [http-nio-8081-exec-2]         be.pxl.services.controller.PostController - Fetching all posts
2025-01-12T17:20:45.774+0100 INFO               [http-nio-8083-exec-8]         be.pxl.services.controller.CommentController - Fetching comment count for post with id: 2
2025-01-12T17:20:45.780+0100 INFO               [http-nio-8083-exec-10]        be.pxl.services.controller.CommentController - Fetching comment count for post with id: 3
2025-01-12T17:20:45.783+0100 INFO               [http-nio-8083-exec-1]         be.pxl.services.controller.CommentController - Fetching comment count for post with id: 9
2025-01-12T17:20:49.219+0100 INFO               [http-nio-8083-exec-2]         be.pxl.services.controller.CommentController - Fetching all comments
2025-01-12T17:20:49.219+0100 INFO               [http-nio-8083-exec-2]         be.pxl.services.services.CommentService - Fetching all comments
2025-01-12T17:21:00.307+0100 INFO               [http-nio-8083-exec-5]         be.pxl.services.controller.CommentController - Creating comment for post with id: 9
2025-01-12T17:21:00.307+0100 INFO               [http-nio-8083-exec-5]         be.pxl.services.services.CommentService - Creating comment for post with auhor: sofie
2025-01-12T17:21:05.135+0100 INFO               [http-nio-8083-exec-3]         be.pxl.services.controller.CommentController - Updating comment with id: 1
2025-01-12T17:21:14.722+0100 INFO               [http-nio-8081-exec-8]         be.pxl.services.controller.PostController - Fetching all posts
2025-01-12T17:21:14.735+0100 INFO               [http-nio-8083-exec-4]         be.pxl.services.controller.CommentController - Fetching comment count for post with id: 2
2025-01-12T17:21:14.745+0100 INFO               [http-nio-8083-exec-7]         be.pxl.services.controller.CommentController - Fetching comment count for post with id: 3
2025-01-12T17:21:14.752+0100 INFO               [http-nio-8083-exec-6]         be.pxl.services.controller.CommentController - Fetching comment count for post with id: 9
